Copyright 1986-2022 Xilinx, Inc. All Rights Reserved. Copyright 2022-2023 Advanced Micro Devices, Inc. All Rights Reserved.
---------------------------------------------------------------------------------------------------------------------------------------------
| Tool Version : Vivado v.2023.2 (win64) Build 4029153 Fri Oct 13 20:14:34 MDT 2023
| Date         : Fri Dec 13 02:53:28 2024
| Host         : LAPTOP-88OTEAF1 running 64-bit major release  (build 9200)
| Command      : report_control_sets -verbose -file fir_top_control_sets_placed.rpt
| Design       : fir_top
| Device       : xc7a35t
---------------------------------------------------------------------------------------------------------------------------------------------

Control Set Information

Table of Contents
-----------------
1. Summary
2. Histogram
3. Flip-Flop Distribution
4. Detailed Control Set Information

1. Summary
----------

+----------------------------------------------------------+-------+
|                          Status                          | Count |
+----------------------------------------------------------+-------+
| Total control sets                                       |     6 |
|    Minimum number of control sets                        |     6 |
|    Addition due to synthesis replication                 |     0 |
|    Addition due to physical synthesis replication        |     0 |
| Unused register locations in slices containing registers |     8 |
+----------------------------------------------------------+-------+
* Control sets can be merged at opt_design using control_set_merge or merge_equivalent_drivers
** Run report_qor_suggestions for automated merging and remapping suggestions


2. Histogram
------------

+--------------------+-------+
|       Fanout       | Count |
+--------------------+-------+
| Total control sets |     6 |
| >= 0 to < 4        |     0 |
| >= 4 to < 6        |     1 |
| >= 6 to < 8        |     1 |
| >= 8 to < 10       |     2 |
| >= 10 to < 12      |     0 |
| >= 12 to < 14      |     1 |
| >= 14 to < 16      |     0 |
| >= 16              |     1 |
+--------------------+-------+
* Control sets can be remapped at either synth_design or opt_design


3. Flip-Flop Distribution
-------------------------

+--------------+-----------------------+------------------------+-----------------+--------------+
| Clock Enable | Synchronous Set/Reset | Asynchronous Set/Reset | Total Registers | Total Slices |
+--------------+-----------------------+------------------------+-----------------+--------------+
| No           | No                    | No                     |               0 |            0 |
| No           | No                    | Yes                    |               6 |            3 |
| No           | Yes                   | No                     |               0 |            0 |
| Yes          | No                    | No                     |              26 |           13 |
| Yes          | No                    | Yes                    |              24 |            9 |
| Yes          | Yes                   | No                     |               8 |            3 |
+--------------+-----------------------+------------------------+-----------------+--------------+


4. Detailed Control Set Information
-----------------------------------

+----------------+-----------------------+------------------+------------------+----------------+--------------+
|  Clock Signal  |     Enable Signal     | Set/Reset Signal | Slice Load Count | Bel Load Count | Bels / Slice |
+----------------+-----------------------+------------------+------------------+----------------+--------------+
|  clk_IBUF_BUFG | controller/next_state |                  |                2 |              5 |         2.50 |
|  clk_IBUF_BUFG |                       | rst_IBUF         |                3 |              6 |         2.00 |
|  clk_IBUF_BUFG | controller/D_ld       |                  |                3 |              8 |         2.67 |
|  clk_IBUF_BUFG | controller/D_mov      | controller/clr   |                3 |              8 |         2.67 |
|  clk_IBUF_BUFG | controller/done       |                  |                8 |             13 |         1.62 |
|  clk_IBUF_BUFG | controller/done       | controller/clr   |                9 |             24 |         2.67 |
+----------------+-----------------------+------------------+------------------+----------------+--------------+


